[2020-10-23 00:45:27,277|DEBUG|__init__.py:31] Path app root : /home/coder/project/SJ/git_release/sjva2_src_obfuscate
[2020-10-23 00:45:27,297|DEBUG|__init__.py:32] Path app data : /home/coder/project/SJ/git_release/sjva2_src_obfuscate/data
[2020-10-23 00:45:27,297|DEBUG|__init__.py:34] Platform : Linux
[2020-10-23 00:45:27,299|DEBUG|__init__.py:40] NOT INSTALLED FLASK_RESTFUL
[2020-10-23 00:45:27,299|DEBUG|__init__.py:46] ======================================
[2020-10-23 00:45:27,299|DEBUG|__init__.py:47] ['sjva.py', '0', '0']
[2020-10-23 00:45:27,303|DEBUG|class_scheduler.py:30] SCHEDULER..
[2020-10-23 00:45:27,360|DEBUG|__init__.py:83] use_celery : True
[2020-10-23 00:45:27,361|DEBUG|__init__.py:84] ======================================
[2020-10-23 00:45:34,950|DEBUG|__init__.py:155] ### plugin loading completed
[2020-10-23 00:45:34,958|DEBUG|__init__.py:158] ### menu loading completed
[2020-10-23 00:45:34,960|DEBUG|__init__.py:167] PORT:9999
[2020-10-23 00:45:34,960|DEBUG|__init__.py:168] ### LAST
[2020-10-23 00:45:45,439|DEBUG|__init__.py:31] Path app root : /home/coder/project/SJ/git_release/sjva2_src_obfuscate
[2020-10-23 00:45:45,458|DEBUG|__init__.py:32] Path app data : /home/coder/project/SJ/git_release/sjva2_src_obfuscate/data
[2020-10-23 00:45:45,458|DEBUG|__init__.py:34] Platform : Linux
[2020-10-23 00:45:45,460|DEBUG|__init__.py:40] NOT INSTALLED FLASK_RESTFUL
[2020-10-23 00:45:45,461|DEBUG|__init__.py:46] ======================================
[2020-10-23 00:45:45,461|DEBUG|__init__.py:47] ['sjva.py', '0', '0']
[2020-10-23 00:45:45,463|DEBUG|class_scheduler.py:30] SCHEDULER..
[2020-10-23 00:45:45,515|DEBUG|__init__.py:83] use_celery : True
[2020-10-23 00:45:45,516|DEBUG|__init__.py:84] ======================================
[2020-10-23 00:45:45,912|DEBUG|__init__.py:155] ### plugin loading completed
[2020-10-23 00:45:45,925|DEBUG|__init__.py:158] ### menu loading completed
[2020-10-23 00:45:45,928|DEBUG|__init__.py:167] PORT:9999
[2020-10-23 00:45:45,929|DEBUG|__init__.py:168] ### LAST
